<?xml version="1.0" encoding="UTF-8"?>
<testsuite xmlns:xsi="http://www.w3.org/2001/XMLSchema-instance" xsi:noNamespaceSchemaLocation="https://maven.apache.org/surefire/maven-surefire-plugin/xsd/surefire-test-report.xsd" version="3.0.2" name="com.ducbn.discoveryServer.DiscoveryServerApplicationTests" time="10.176" tests="1" errors="0" skipped="0" failures="0">
  <properties>
[...]
</properties>
  <testcase name="contextLoads" classname="com.ducbn.discoveryServer.DiscoveryServerApplicationTests" time="0.61">
    <system-out><![CDATA[02:02:17.589 [main] INFO org.springframework.test.context.support.AnnotationConfigContextLoaderUtils -- Could not detect default configuration classes for test class [com.ducbn.discoveryServer.DiscoveryServerApplicationTests]: DiscoveryServerApplicationTests does not declare any static, non-private, non-final, nested classes annotated with @Configuration.
02:02:17.685 [main] INFO org.springframework.boot.test.context.SpringBootTestContextBootstrapper -- Found @SpringBootConfiguration com.ducbn.discoveryServer.DiscoveryServerApplication for test class com.ducbn.discoveryServer.DiscoveryServerApplicationTests
02:02:18.075 [main] INFO org.springframework.boot.devtools.restart.RestartApplicationListener -- Restart disabled due to context in which it is running

  .   ____          _            __ _ _
 /\\ / ___'_ __ _ _(_)_ __  __ _ \ \ \ \
( ( )\___ | '_ | '_| | '_ \/ _` | \ \ \ \
 \\/  ___)| |_)| | | | | || (_| |  ) ) ) )
  '  |____| .__|_| |_|_| |_\__, | / / / /
 =========|_|==============|___/=/_/_/_/

 :: Spring Boot ::                (v3.4.5)

2025-05-25T02:02:19.369+07:00  INFO 85101 --- [discovery-server] [           main] [                                                 ] c.d.d.DiscoveryServerApplicationTests    : Starting DiscoveryServerApplicationTests using Java 21.0.5 with PID 85101 (started by ducbn in /Users/ducbn/Documents/BackEnd_Java/book_ticket_bus_microservice/discovery-server)
2025-05-25T02:02:19.372+07:00  INFO 85101 --- [discovery-server] [           main] [                                                 ] c.d.d.DiscoveryServerApplicationTests    : No active profile set, falling back to 1 default profile: "default"
2025-05-25T02:02:20.214+07:00  INFO 85101 --- [discovery-server] [           main] [                                                 ] o.s.cloud.context.scope.GenericScope     : BeanFactory id=7d707c73-2080-328d-8909-b6a74e882982
2025-05-25T02:02:20.559+07:00  INFO 85101 --- [discovery-server] [           main] [                                                 ] o.s.v.b.OptionalValidatorFactoryBean     : Failed to set up a Bean Validation provider: jakarta.validation.NoProviderFoundException: Unable to create a Configuration, because no Jakarta Bean Validation provider could be found. Add a provider like Hibernate Validator (RI) to your classpath.
2025-05-25T02:02:21.326+07:00  WARN 85101 --- [discovery-server] [           main] [                                                 ] iguration$LoadBalancerCaffeineWarnLogger : Spring Cloud LoadBalancer is currently working with the default cache. While this cache implementation is useful for development and tests, it's recommended to use Caffeine cache in production.You can switch to using Caffeine cache, by adding it and org.springframework.cache.caffeine.CaffeineCacheManager to the classpath.
2025-05-25T02:02:21.506+07:00  INFO 85101 --- [discovery-server] [           main] [                                                 ] o.s.c.n.eureka.InstanceInfoFactory       : Setting initial instance status as: STARTING
2025-05-25T02:02:21.518+07:00  INFO 85101 --- [discovery-server] [           main] [                                                 ] com.netflix.discovery.DiscoveryClient    : Initializing Eureka in region us-east-1
2025-05-25T02:02:21.519+07:00  INFO 85101 --- [discovery-server] [           main] [                                                 ] com.netflix.discovery.DiscoveryClient    : Client configured to neither register nor query for data.
2025-05-25T02:02:21.520+07:00  INFO 85101 --- [discovery-server] [           main] [                                                 ] com.netflix.discovery.DiscoveryClient    : Discovery Client initialized at timestamp 1748113341519 with initial instances count: 0
2025-05-25T02:02:21.552+07:00  INFO 85101 --- [discovery-server] [           main] [                                                 ] c.n.eureka.DefaultEurekaServerContext    : Initializing ...
2025-05-25T02:02:21.553+07:00  INFO 85101 --- [discovery-server] [           main] [                                                 ] c.n.eureka.cluster.PeerEurekaNodes       : Adding new peer nodes [http://localhost:8761/eureka/]
2025-05-25T02:02:21.602+07:00  INFO 85101 --- [discovery-server] [           main] [                                                 ] c.n.d.provider.DiscoveryJerseyProvider   : Using JSON encoding codec LegacyJacksonJson
2025-05-25T02:02:21.602+07:00  INFO 85101 --- [discovery-server] [           main] [                                                 ] c.n.d.provider.DiscoveryJerseyProvider   : Using JSON decoding codec LegacyJacksonJson
2025-05-25T02:02:21.602+07:00  INFO 85101 --- [discovery-server] [           main] [                                                 ] c.n.d.provider.DiscoveryJerseyProvider   : Using XML encoding codec XStreamXml
2025-05-25T02:02:21.602+07:00  INFO 85101 --- [discovery-server] [           main] [                                                 ] c.n.d.provider.DiscoveryJerseyProvider   : Using XML decoding codec XStreamXml
2025-05-25T02:02:26.698+07:00  INFO 85101 --- [discovery-server] [           main] [                                                 ] c.n.eureka.cluster.PeerEurekaNodes       : Replica node URL:  http://localhost:8761/eureka/
2025-05-25T02:02:26.705+07:00  INFO 85101 --- [discovery-server] [           main] [                                                 ] c.n.e.registry.AbstractInstanceRegistry  : Finished initializing remote region registries. All known remote regions: []
2025-05-25T02:02:26.706+07:00  INFO 85101 --- [discovery-server] [           main] [                                                 ] c.n.eureka.DefaultEurekaServerContext    : Initialized
2025-05-25T02:02:26.843+07:00  INFO 85101 --- [discovery-server] [           main] [                                                 ] o.s.b.a.e.web.EndpointLinksResolver      : Exposing 17 endpoints beneath base path '/actuator'
2025-05-25T02:02:26.890+07:00  INFO 85101 --- [discovery-server] [           main] [                                                 ] o.s.c.n.e.s.EurekaServiceRegistry        : Registering application DISCOVERY-SERVER with eureka with status UP
2025-05-25T02:02:26.901+07:00  INFO 85101 --- [discovery-server] [      Thread-11] [                                                 ] o.s.c.n.e.server.EurekaServerBootstrap   : isAws returned false
2025-05-25T02:02:26.902+07:00  INFO 85101 --- [discovery-server] [      Thread-11] [                                                 ] o.s.c.n.e.server.EurekaServerBootstrap   : Initialized server context
2025-05-25T02:02:26.902+07:00  INFO 85101 --- [discovery-server] [      Thread-11] [                                                 ] c.n.e.r.PeerAwareInstanceRegistryImpl    : Got 1 instances from neighboring DS node
2025-05-25T02:02:26.902+07:00  INFO 85101 --- [discovery-server] [      Thread-11] [                                                 ] c.n.e.r.PeerAwareInstanceRegistryImpl    : Renew threshold is: 1
2025-05-25T02:02:26.902+07:00  INFO 85101 --- [discovery-server] [      Thread-11] [                                                 ] c.n.e.r.PeerAwareInstanceRegistryImpl    : Changing status to UP
2025-05-25T02:02:26.904+07:00  INFO 85101 --- [discovery-server] [      Thread-11] [                                                 ] e.s.EurekaServerInitializerConfiguration : Started Eureka Server
2025-05-25T02:02:26.927+07:00  INFO 85101 --- [discovery-server] [           main] [                                                 ] c.d.d.DiscoveryServerApplicationTests    : Started DiscoveryServerApplicationTests in 8.861 seconds (process running for 9.912)
]]></system-out>
    <system-err><![CDATA[Mockito is currently self-attaching to enable the inline-mock-maker. This will no longer work in future releases of the JDK. Please add Mockito as an agent to your build what is described in Mockito's documentation: https://javadoc.io/doc/org.mockito/mockito-core/latest/org/mockito/Mockito.html#0.3
WARNING: A Java agent has been loaded dynamically (/Users/ducbn/.m2/repository/net/bytebuddy/byte-buddy-agent/1.15.11/byte-buddy-agent-1.15.11.jar)
WARNING: If a serviceability tool is in use, please run with -XX:+EnableDynamicAgentLoading to hide this warning
WARNING: If a serviceability tool is not in use, please run with -Djdk.instrument.traceUsage for more information
WARNING: Dynamic loading of agents will be disallowed by default in a future release
]]></system-err>
  </testcase>
</testsuite>