<?xml version="1.0" encoding="UTF-8"?>
<testsuite xmlns:xsi="http://www.w3.org/2001/XMLSchema-instance" xsi:noNamespaceSchemaLocation="https://maven.apache.org/surefire/maven-surefire-plugin/xsd/surefire-test-report.xsd" version="3.0.2" name="com.ducbn.busService.BusServiceApplicationTests" time="15.476" tests="1" errors="0" skipped="0" failures="0">
  <properties>
[...]
</properties>
  <testcase name="contextLoads" classname="com.ducbn.busService.BusServiceApplicationTests" time="1.316">
    <system-out><![CDATA[02:00:42.584 [main] INFO org.springframework.test.context.support.AnnotationConfigContextLoaderUtils -- Could not detect default configuration classes for test class [com.ducbn.busService.BusServiceApplicationTests]: BusServiceApplicationTests does not declare any static, non-private, non-final, nested classes annotated with @Configuration.
02:00:42.680 [main] INFO org.springframework.boot.test.context.SpringBootTestContextBootstrapper -- Found @SpringBootConfiguration com.ducbn.busService.BusServiceApplication for test class com.ducbn.busService.BusServiceApplicationTests
02:00:43.015 [main] INFO org.springframework.boot.devtools.restart.RestartApplicationListener -- Restart disabled due to context in which it is running

  .   ____          _            __ _ _
 /\\ / ___'_ __ _ _(_)_ __  __ _ \ \ \ \
( ( )\___ | '_ | '_| | '_ \/ _` | \ \ \ \
 \\/  ___)| |_)| | | | | || (_| |  ) ) ) )
  '  |____| .__|_| |_|_| |_\__, | / / / /
 =========|_|==============|___/=/_/_/_/

 :: Spring Boot ::                (v3.4.5)

2025-05-25T02:00:44.251+07:00  INFO 84916 --- [bus-service] [           main] [                                                 ] c.d.b.BusServiceApplicationTests         : Starting BusServiceApplicationTests using Java 21.0.5 with PID 84916 (started by ducbn in /Users/ducbn/Documents/BackEnd_Java/book_ticket_bus_microservice/bus-service)
2025-05-25T02:00:44.253+07:00  INFO 84916 --- [bus-service] [           main] [                                                 ] c.d.b.BusServiceApplicationTests         : No active profile set, falling back to 1 default profile: "default"
2025-05-25T02:00:45.131+07:00  INFO 84916 --- [bus-service] [           main] [                                                 ] .s.d.r.c.RepositoryConfigurationDelegate : Bootstrapping Spring Data JPA repositories in DEFAULT mode.
2025-05-25T02:00:45.246+07:00  INFO 84916 --- [bus-service] [           main] [                                                 ] .s.d.r.c.RepositoryConfigurationDelegate : Finished Spring Data repository scanning in 106 ms. Found 6 JPA repository interfaces.
2025-05-25T02:00:45.437+07:00  INFO 84916 --- [bus-service] [           main] [                                                 ] o.s.cloud.context.scope.GenericScope     : BeanFactory id=bcbc5795-4dce-3ea2-939e-019fc8d78c79
2025-05-25T02:00:46.046+07:00  INFO 84916 --- [bus-service] [           main] [                                                 ] o.hibernate.jpa.internal.util.LogHelper  : HHH000204: Processing PersistenceUnitInfo [name: default]
2025-05-25T02:00:46.114+07:00  INFO 84916 --- [bus-service] [           main] [                                                 ] org.hibernate.Version                    : HHH000412: Hibernate ORM core version 6.6.13.Final
2025-05-25T02:00:46.165+07:00  INFO 84916 --- [bus-service] [           main] [                                                 ] o.h.c.internal.RegionFactoryInitiator    : HHH000026: Second-level cache disabled
2025-05-25T02:00:46.521+07:00  INFO 84916 --- [bus-service] [           main] [                                                 ] o.s.o.j.p.SpringPersistenceUnitInfo      : No LoadTimeWeaver setup: ignoring JPA class transformer
2025-05-25T02:00:46.558+07:00  INFO 84916 --- [bus-service] [           main] [                                                 ] com.zaxxer.hikari.HikariDataSource       : HikariPool-1 - Starting...
2025-05-25T02:00:46.767+07:00  INFO 84916 --- [bus-service] [           main] [                                                 ] com.zaxxer.hikari.pool.HikariPool        : HikariPool-1 - Added connection com.mysql.cj.jdbc.ConnectionImpl@45b6c666
2025-05-25T02:00:46.769+07:00  INFO 84916 --- [bus-service] [           main] [                                                 ] com.zaxxer.hikari.HikariDataSource       : HikariPool-1 - Start completed.
2025-05-25T02:00:46.827+07:00  WARN 84916 --- [bus-service] [           main] [                                                 ] org.hibernate.orm.deprecation            : HHH90000025: MySQL8Dialect does not need to be specified explicitly using 'hibernate.dialect' (remove the property setting and it will be selected by default)
2025-05-25T02:00:46.828+07:00  WARN 84916 --- [bus-service] [           main] [                                                 ] org.hibernate.orm.deprecation            : HHH90000026: MySQL8Dialect has been deprecated; use org.hibernate.dialect.MySQLDialect instead
2025-05-25T02:00:46.841+07:00  INFO 84916 --- [bus-service] [           main] [                                                 ] org.hibernate.orm.connections.pooling    : HHH10001005: Database info:
	Database JDBC URL [Connecting through datasource 'HikariDataSource (HikariPool-1)']
	Database driver: undefined/unknown
	Database version: 8.0
	Autocommit mode: undefined/unknown
	Isolation level: undefined/unknown
	Minimum pool size: undefined/unknown
	Maximum pool size: undefined/unknown
2025-05-25T02:00:48.132+07:00  INFO 84916 --- [bus-service] [           main] [                                                 ] o.h.e.t.j.p.i.JtaPlatformInitiator       : HHH000489: No JTA platform available (set 'hibernate.transaction.jta.platform' to enable JTA platform integration)
2025-05-25T02:00:48.341+07:00  INFO 84916 --- [bus-service] [           main] [                                                 ] j.LocalContainerEntityManagerFactoryBean : Initialized JPA EntityManagerFactory for persistence unit 'default'
2025-05-25T02:00:50.289+07:00  INFO 84916 --- [bus-service] [           main] [                                                 ] o.s.d.j.r.query.QueryEnhancerFactory     : Hibernate is in classpath; If applicable, HQL parser will be used.
2025-05-25T02:00:52.772+07:00  WARN 84916 --- [bus-service] [           main] [                                                 ] JpaBaseConfiguration$JpaWebConfiguration : spring.jpa.open-in-view is enabled by default. Therefore, database queries may be performed during view rendering. Explicitly configure spring.jpa.open-in-view to disable this warning
2025-05-25T02:00:55.738+07:00  INFO 84916 --- [bus-service] [           main] [                                                 ] DiscoveryClientOptionalArgsConfiguration : Eureka HTTP Client uses RestTemplate.
2025-05-25T02:00:55.824+07:00  WARN 84916 --- [bus-service] [           main] [                                                 ] iguration$LoadBalancerCaffeineWarnLogger : Spring Cloud LoadBalancer is currently working with the default cache. While this cache implementation is useful for development and tests, it's recommended to use Caffeine cache in production.You can switch to using Caffeine cache, by adding it and org.springframework.cache.caffeine.CaffeineCacheManager to the classpath.
2025-05-25T02:00:55.843+07:00  INFO 84916 --- [bus-service] [           main] [                                                 ] o.s.b.a.e.web.EndpointLinksResolver      : Exposing 17 endpoints beneath base path '/actuator'
2025-05-25T02:00:55.951+07:00  INFO 84916 --- [bus-service] [           main] [                                                 ] o.s.c.n.eureka.InstanceInfoFactory       : Setting initial instance status as: STARTING
2025-05-25T02:00:55.989+07:00  INFO 84916 --- [bus-service] [           main] [                                                 ] com.netflix.discovery.DiscoveryClient    : Initializing Eureka in region us-east-1
2025-05-25T02:00:55.994+07:00  INFO 84916 --- [bus-service] [           main] [                                                 ] c.n.d.s.r.aws.ConfigClusterResolver      : Resolving eureka endpoints via configuration
2025-05-25T02:00:56.001+07:00  INFO 84916 --- [bus-service] [           main] [                                                 ] com.netflix.discovery.DiscoveryClient    : Disable delta property : false
2025-05-25T02:00:56.001+07:00  INFO 84916 --- [bus-service] [           main] [                                                 ] com.netflix.discovery.DiscoveryClient    : Single vip registry refresh property : null
2025-05-25T02:00:56.001+07:00  INFO 84916 --- [bus-service] [           main] [                                                 ] com.netflix.discovery.DiscoveryClient    : Force full registry fetch : false
2025-05-25T02:00:56.001+07:00  INFO 84916 --- [bus-service] [           main] [                                                 ] com.netflix.discovery.DiscoveryClient    : Application is null : false
2025-05-25T02:00:56.001+07:00  INFO 84916 --- [bus-service] [           main] [                                                 ] com.netflix.discovery.DiscoveryClient    : Registered Applications size is zero : true
2025-05-25T02:00:56.001+07:00  INFO 84916 --- [bus-service] [           main] [                                                 ] com.netflix.discovery.DiscoveryClient    : Application version is -1: true
2025-05-25T02:00:56.002+07:00  INFO 84916 --- [bus-service] [           main] [                                                 ] com.netflix.discovery.DiscoveryClient    : Getting all instance registry info from the eureka server
2025-05-25T02:00:56.359+07:00  INFO 84916 --- [bus-service] [           main] [                                                 ] com.netflix.discovery.DiscoveryClient    : The response status is 200
2025-05-25T02:00:56.363+07:00  INFO 84916 --- [bus-service] [           main] [                                                 ] com.netflix.discovery.DiscoveryClient    : Starting heartbeat executor: renew interval is: 30
2025-05-25T02:00:56.369+07:00  INFO 84916 --- [bus-service] [           main] [                                                 ] c.n.discovery.InstanceInfoReplicator     : InstanceInfoReplicator onDemand update allowed rate per min is 4
2025-05-25T02:00:56.395+07:00  INFO 84916 --- [bus-service] [           main] [                                                 ] com.netflix.discovery.DiscoveryClient    : Discovery Client initialized at timestamp 1748113256374 with initial instances count: 0
2025-05-25T02:00:56.411+07:00  INFO 84916 --- [bus-service] [           main] [                                                 ] o.s.c.n.e.s.EurekaServiceRegistry        : Registering application BUS-SERVICE with eureka with status UP
2025-05-25T02:00:56.412+07:00  INFO 84916 --- [bus-service] [           main] [                                                 ] com.netflix.discovery.DiscoveryClient    : Saw local status change event StatusChangeEvent [timestamp=1748113256412, current=UP, previous=STARTING]
2025-05-25T02:00:56.414+07:00  INFO 84916 --- [bus-service] [foReplicator-%d] [                                                 ] com.netflix.discovery.DiscoveryClient    : DiscoveryClient_BUS-SERVICE/localhost:bus-service:8081: registering service...
2025-05-25T02:00:56.468+07:00  INFO 84916 --- [bus-service] [           main] [                                                 ] c.d.b.BusServiceApplicationTests         : Started BusServiceApplicationTests in 13.46 seconds (process running for 14.575)
2025-05-25T02:00:56.494+07:00  INFO 84916 --- [bus-service] [foReplicator-%d] [                                                 ] com.netflix.discovery.DiscoveryClient    : DiscoveryClient_BUS-SERVICE/localhost:bus-service:8081 - registration status: 204
]]></system-out>
    <system-err><![CDATA[Mockito is currently self-attaching to enable the inline-mock-maker. This will no longer work in future releases of the JDK. Please add Mockito as an agent to your build what is described in Mockito's documentation: https://javadoc.io/doc/org.mockito/mockito-core/latest/org/mockito/Mockito.html#0.3
WARNING: A Java agent has been loaded dynamically (/Users/ducbn/.m2/repository/net/bytebuddy/byte-buddy-agent/1.15.11/byte-buddy-agent-1.15.11.jar)
WARNING: If a serviceability tool is in use, please run with -XX:+EnableDynamicAgentLoading to hide this warning
WARNING: If a serviceability tool is not in use, please run with -Djdk.instrument.traceUsage for more information
WARNING: Dynamic loading of agents will be disallowed by default in a future release
]]></system-err>
  </testcase>
</testsuite>