<?xml version="1.0" encoding="UTF-8"?>
<testsuite xmlns:xsi="http://www.w3.org/2001/XMLSchema-instance" xsi:noNamespaceSchemaLocation="https://maven.apache.org/surefire/maven-surefire-plugin/xsd/surefire-test-report.xsd" version="3.0.2" name="com.ducbn.bookingService.BookingServiceApplicationTests" time="11.449" tests="1" errors="0" skipped="0" failures="0">
  <properties>
[...]
</properties>
  <testcase name="contextLoads" classname="com.ducbn.bookingService.BookingServiceApplicationTests" time="0.519">
    <system-out><![CDATA[01:59:24.051 [main] INFO org.springframework.test.context.support.AnnotationConfigContextLoaderUtils -- Could not detect default configuration classes for test class [com.ducbn.bookingService.BookingServiceApplicationTests]: BookingServiceApplicationTests does not declare any static, non-private, non-final, nested classes annotated with @Configuration.
01:59:24.143 [main] INFO org.springframework.boot.test.context.SpringBootTestContextBootstrapper -- Found @SpringBootConfiguration com.ducbn.bookingService.BookingServiceApplication for test class com.ducbn.bookingService.BookingServiceApplicationTests

  .   ____          _            __ _ _
 /\\ / ___'_ __ _ _(_)_ __  __ _ \ \ \ \
( ( )\___ | '_ | '_| | '_ \/ _` | \ \ \ \
 \\/  ___)| |_)| | | | | || (_| |  ) ) ) )
  '  |____| .__|_| |_|_| |_\__, | / / / /
 =========|_|==============|___/=/_/_/_/

 :: Spring Boot ::                (v3.4.5)

2025-05-25T01:59:26.267+07:00  INFO 84668 --- [booking-service] [           main] [                                                 ] c.d.b.BookingServiceApplicationTests     : Starting BookingServiceApplicationTests using Java 21.0.5 with PID 84668 (started by ducbn in /Users/ducbn/Documents/BackEnd_Java/book_ticket_bus_microservice/booking-service)
2025-05-25T01:59:26.269+07:00  INFO 84668 --- [booking-service] [           main] [                                                 ] c.d.b.BookingServiceApplicationTests     : No active profile set, falling back to 1 default profile: "default"
2025-05-25T01:59:26.296+07:00  INFO 84668 --- [booking-service] [           main] [                                                 ] o.s.c.c.c.ConfigServerConfigDataLoader   : Fetching config from server at : http://localhost:8888
2025-05-25T01:59:26.296+07:00  INFO 84668 --- [booking-service] [           main] [                                                 ] o.s.c.c.c.ConfigServerConfigDataLoader   : Exception on Url - http://localhost:8888:org.springframework.web.client.ResourceAccessException: I/O error on GET request for "http://localhost:8888/booking-service/default": Connection refused. Will be trying the next url if available
2025-05-25T01:59:26.296+07:00  WARN 84668 --- [booking-service] [           main] [                                                 ] o.s.c.c.c.ConfigServerConfigDataLoader   : Could not locate PropertySource ([ConfigServerConfigDataResource@5c20aab9 uris = array<String>['http://localhost:8888'], optional = true, profiles = 'default']): I/O error on GET request for "http://localhost:8888/booking-service/default": Connection refused
2025-05-25T01:59:26.297+07:00  INFO 84668 --- [booking-service] [           main] [                                                 ] o.s.c.c.c.ConfigServerConfigDataLoader   : Fetching config from server at : http://localhost:8888
2025-05-25T01:59:26.297+07:00  INFO 84668 --- [booking-service] [           main] [                                                 ] o.s.c.c.c.ConfigServerConfigDataLoader   : Exception on Url - http://localhost:8888:org.springframework.web.client.ResourceAccessException: I/O error on GET request for "http://localhost:8888/booking-service/default": Connection refused. Will be trying the next url if available
2025-05-25T01:59:26.297+07:00  WARN 84668 --- [booking-service] [           main] [                                                 ] o.s.c.c.c.ConfigServerConfigDataLoader   : Could not locate PropertySource ([ConfigServerConfigDataResource@75769ab0 uris = array<String>['http://localhost:8888'], optional = true, profiles = 'default']): I/O error on GET request for "http://localhost:8888/booking-service/default": Connection refused
2025-05-25T01:59:26.297+07:00  INFO 84668 --- [booking-service] [           main] [                                                 ] o.s.c.c.c.ConfigServerConfigDataLoader   : Fetching config from server at : http://localhost:8888
2025-05-25T01:59:26.297+07:00  INFO 84668 --- [booking-service] [           main] [                                                 ] o.s.c.c.c.ConfigServerConfigDataLoader   : Exception on Url - http://localhost:8888:org.springframework.web.client.ResourceAccessException: I/O error on GET request for "http://localhost:8888/booking-service/default": Connection refused. Will be trying the next url if available
2025-05-25T01:59:26.297+07:00  WARN 84668 --- [booking-service] [           main] [                                                 ] o.s.c.c.c.ConfigServerConfigDataLoader   : Could not locate PropertySource ([ConfigServerConfigDataResource@6869a3b3 uris = array<String>['http://localhost:8888'], optional = true, profiles = 'default']): I/O error on GET request for "http://localhost:8888/booking-service/default": Connection refused
2025-05-25T01:59:27.173+07:00  INFO 84668 --- [booking-service] [           main] [                                                 ] .s.d.r.c.RepositoryConfigurationDelegate : Bootstrapping Spring Data JPA repositories in DEFAULT mode.
2025-05-25T01:59:27.295+07:00  INFO 84668 --- [booking-service] [           main] [                                                 ] .s.d.r.c.RepositoryConfigurationDelegate : Finished Spring Data repository scanning in 111 ms. Found 2 JPA repository interfaces.
2025-05-25T01:59:27.514+07:00  INFO 84668 --- [booking-service] [           main] [                                                 ] o.s.cloud.context.scope.GenericScope     : BeanFactory id=fc6af48a-51f1-33fd-b570-93f85a5d7c52
2025-05-25T01:59:27.947+07:00  INFO 84668 --- [booking-service] [           main] [                                                 ] o.hibernate.jpa.internal.util.LogHelper  : HHH000204: Processing PersistenceUnitInfo [name: default]
2025-05-25T01:59:28.013+07:00  INFO 84668 --- [booking-service] [           main] [                                                 ] org.hibernate.Version                    : HHH000412: Hibernate ORM core version 6.6.13.Final
2025-05-25T01:59:28.037+07:00  INFO 84668 --- [booking-service] [           main] [                                                 ] o.h.c.internal.RegionFactoryInitiator    : HHH000026: Second-level cache disabled
2025-05-25T01:59:28.239+07:00  INFO 84668 --- [booking-service] [           main] [                                                 ] o.s.o.j.p.SpringPersistenceUnitInfo      : No LoadTimeWeaver setup: ignoring JPA class transformer
2025-05-25T01:59:28.268+07:00  INFO 84668 --- [booking-service] [           main] [                                                 ] com.zaxxer.hikari.HikariDataSource       : HikariPool-1 - Starting...
2025-05-25T01:59:28.524+07:00  INFO 84668 --- [booking-service] [           main] [                                                 ] com.zaxxer.hikari.pool.HikariPool        : HikariPool-1 - Added connection com.mysql.cj.jdbc.ConnectionImpl@243162b1
2025-05-25T01:59:28.525+07:00  INFO 84668 --- [booking-service] [           main] [                                                 ] com.zaxxer.hikari.HikariDataSource       : HikariPool-1 - Start completed.
2025-05-25T01:59:28.676+07:00  INFO 84668 --- [booking-service] [           main] [                                                 ] org.hibernate.orm.connections.pooling    : HHH10001005: Database info:
	Database JDBC URL [Connecting through datasource 'HikariDataSource (HikariPool-1)']
	Database driver: undefined/unknown
	Database version: 8.0.41
	Autocommit mode: undefined/unknown
	Isolation level: undefined/unknown
	Minimum pool size: undefined/unknown
	Maximum pool size: undefined/unknown
2025-05-25T01:59:29.813+07:00  INFO 84668 --- [booking-service] [           main] [                                                 ] o.h.e.t.j.p.i.JtaPlatformInitiator       : HHH000489: No JTA platform available (set 'hibernate.transaction.jta.platform' to enable JTA platform integration)
Hibernate: alter table booking_details modify column price decimal(38,2) not null
Hibernate: alter table booking_details modify column seat_number varchar(255) not null
Hibernate: alter table bookings modify column total_amount decimal(38,2)
2025-05-25T01:59:31.809+07:00  INFO 84668 --- [booking-service] [           main] [                                                 ] j.LocalContainerEntityManagerFactoryBean : Initialized JPA EntityManagerFactory for persistence unit 'default'
2025-05-25T01:59:32.591+07:00  WARN 84668 --- [booking-service] [           main] [                                                 ] JpaBaseConfiguration$JpaWebConfiguration : spring.jpa.open-in-view is enabled by default. Therefore, database queries may be performed during view rendering. Explicitly configure spring.jpa.open-in-view to disable this warning
2025-05-25T01:59:33.530+07:00  INFO 84668 --- [booking-service] [           main] [                                                 ] DiscoveryClientOptionalArgsConfiguration : Eureka HTTP Client uses RestTemplate.
2025-05-25T01:59:33.614+07:00  INFO 84668 --- [booking-service] [           main] [                                                 ] o.s.b.a.e.web.EndpointLinksResolver      : Exposing 1 endpoint beneath base path '/actuator'
2025-05-25T01:59:33.697+07:00  INFO 84668 --- [booking-service] [           main] [                                                 ] o.s.c.n.eureka.InstanceInfoFactory       : Setting initial instance status as: STARTING
2025-05-25T01:59:33.714+07:00  INFO 84668 --- [booking-service] [           main] [                                                 ] com.netflix.discovery.DiscoveryClient    : Initializing Eureka in region us-east-1
2025-05-25T01:59:33.717+07:00  INFO 84668 --- [booking-service] [           main] [                                                 ] c.n.d.s.r.aws.ConfigClusterResolver      : Resolving eureka endpoints via configuration
2025-05-25T01:59:33.723+07:00  INFO 84668 --- [booking-service] [           main] [                                                 ] com.netflix.discovery.DiscoveryClient    : Disable delta property : false
2025-05-25T01:59:33.723+07:00  INFO 84668 --- [booking-service] [           main] [                                                 ] com.netflix.discovery.DiscoveryClient    : Single vip registry refresh property : null
2025-05-25T01:59:33.723+07:00  INFO 84668 --- [booking-service] [           main] [                                                 ] com.netflix.discovery.DiscoveryClient    : Force full registry fetch : false
2025-05-25T01:59:33.723+07:00  INFO 84668 --- [booking-service] [           main] [                                                 ] com.netflix.discovery.DiscoveryClient    : Application is null : false
2025-05-25T01:59:33.723+07:00  INFO 84668 --- [booking-service] [           main] [                                                 ] com.netflix.discovery.DiscoveryClient    : Registered Applications size is zero : true
2025-05-25T01:59:33.723+07:00  INFO 84668 --- [booking-service] [           main] [                                                 ] com.netflix.discovery.DiscoveryClient    : Application version is -1: true
2025-05-25T01:59:33.723+07:00  INFO 84668 --- [booking-service] [           main] [                                                 ] com.netflix.discovery.DiscoveryClient    : Getting all instance registry info from the eureka server
2025-05-25T01:59:34.781+07:00  INFO 84668 --- [booking-service] [           main] [                                                 ] com.netflix.discovery.DiscoveryClient    : The response status is 200
2025-05-25T01:59:34.782+07:00  INFO 84668 --- [booking-service] [           main] [                                                 ] com.netflix.discovery.DiscoveryClient    : Starting heartbeat executor: renew interval is: 30
2025-05-25T01:59:34.784+07:00  INFO 84668 --- [booking-service] [           main] [                                                 ] c.n.discovery.InstanceInfoReplicator     : InstanceInfoReplicator onDemand update allowed rate per min is 4
2025-05-25T01:59:34.785+07:00  INFO 84668 --- [booking-service] [           main] [                                                 ] com.netflix.discovery.DiscoveryClient    : Discovery Client initialized at timestamp 1748113174784 with initial instances count: 0
2025-05-25T01:59:34.789+07:00  INFO 84668 --- [booking-service] [           main] [                                                 ] o.s.c.n.e.s.EurekaServiceRegistry        : Registering application BOOKING-SERVICE with eureka with status UP
2025-05-25T01:59:34.790+07:00  INFO 84668 --- [booking-service] [           main] [                                                 ] com.netflix.discovery.DiscoveryClient    : Saw local status change event StatusChangeEvent [timestamp=1748113174790, current=UP, previous=STARTING]
2025-05-25T01:59:34.791+07:00  INFO 84668 --- [booking-service] [foReplicator-%d] [                                                 ] com.netflix.discovery.DiscoveryClient    : DiscoveryClient_BOOKING-SERVICE/localhost:booking-service:8082: registering service...
2025-05-25T01:59:34.820+07:00  INFO 84668 --- [booking-service] [           main] [                                                 ] c.d.b.BookingServiceApplicationTests     : Started BookingServiceApplicationTests in 10.354 seconds (process running for 11.412)
2025-05-25T01:59:35.023+07:00  INFO 84668 --- [booking-service] [foReplicator-%d] [                                                 ] com.netflix.discovery.DiscoveryClient    : DiscoveryClient_BOOKING-SERVICE/localhost:booking-service:8082 - registration status: 204
]]></system-out>
    <system-err><![CDATA[thg 5 25, 2025 1:59:23 SA org.junit.platform.launcher.core.LauncherConfigurationParameters loadClasspathResource
WARNING: Discovered 3 'junit-platform.properties' configuration files on the classpath (see below); only the first (*) will be used.
- jar:file:/Users/ducbn/.m2/repository/org/apache/kafka/kafka-clients/3.8.1/kafka-clients-3.8.1-test.jar!/junit-platform.properties (*)
- jar:file:/Users/ducbn/.m2/repository/org/apache/kafka/kafka-server-common/3.8.1/kafka-server-common-3.8.1-test.jar!/junit-platform.properties
- jar:file:/Users/ducbn/.m2/repository/org/apache/kafka/kafka_2.13/3.8.1/kafka_2.13-3.8.1-test.jar!/junit-platform.properties
thg 5 25, 2025 1:59:23 SA org.junit.platform.launcher.core.LauncherConfigurationParameters loadClasspathResource
WARNING: Discovered 3 'junit-platform.properties' configuration files on the classpath (see below); only the first (*) will be used.
- jar:file:/Users/ducbn/.m2/repository/org/apache/kafka/kafka-clients/3.8.1/kafka-clients-3.8.1-test.jar!/junit-platform.properties (*)
- jar:file:/Users/ducbn/.m2/repository/org/apache/kafka/kafka-server-common/3.8.1/kafka-server-common-3.8.1-test.jar!/junit-platform.properties
- jar:file:/Users/ducbn/.m2/repository/org/apache/kafka/kafka_2.13/3.8.1/kafka_2.13-3.8.1-test.jar!/junit-platform.properties
thg 5 25, 2025 1:59:23 SA org.junit.platform.launcher.core.LauncherConfigurationParameters loadClasspathResource
WARNING: Discovered 3 'junit-platform.properties' configuration files on the classpath (see below); only the first (*) will be used.
- jar:file:/Users/ducbn/.m2/repository/org/apache/kafka/kafka-clients/3.8.1/kafka-clients-3.8.1-test.jar!/junit-platform.properties (*)
- jar:file:/Users/ducbn/.m2/repository/org/apache/kafka/kafka-server-common/3.8.1/kafka-server-common-3.8.1-test.jar!/junit-platform.properties
- jar:file:/Users/ducbn/.m2/repository/org/apache/kafka/kafka_2.13/3.8.1/kafka_2.13-3.8.1-test.jar!/junit-platform.properties
Mockito is currently self-attaching to enable the inline-mock-maker. This will no longer work in future releases of the JDK. Please add Mockito as an agent to your build what is described in Mockito's documentation: https://javadoc.io/doc/org.mockito/mockito-core/latest/org/mockito/Mockito.html#0.3
WARNING: A Java agent has been loaded dynamically (/Users/ducbn/.m2/repository/net/bytebuddy/byte-buddy-agent/1.15.11/byte-buddy-agent-1.15.11.jar)
WARNING: If a serviceability tool is in use, please run with -XX:+EnableDynamicAgentLoading to hide this warning
WARNING: If a serviceability tool is not in use, please run with -Djdk.instrument.traceUsage for more information
WARNING: Dynamic loading of agents will be disallowed by default in a future release
]]></system-err>
  </testcase>
</testsuite>